2021-11-10 11:34:21,094 INFO  [org.jboss.modules] (main) JBoss Modules version 1.11.0.Final
2021-11-10 11:34:23,131 INFO  [org.jboss.msc] (main) JBoss MSC version 1.4.12.Final
2021-11-10 11:34:23,169 INFO  [org.jboss.threads] (main) JBoss Threads version 2.4.0.Final
2021-11-10 11:34:23,846 INFO  [org.jboss.as] (MSC service thread 1-2) WFLYSRV0049: Keycloak 15.0.2 (WildFly Core 15.0.1.Final) starting
2021-11-10 11:34:23,863 DEBUG [org.jboss.as.config] (MSC service thread 1-2) Configured system properties:
	[Standalone] = 
	awt.toolkit = sun.lwawt.macosx.LWCToolkit
	file.encoding = UTF-8
	file.encoding.pkg = sun.io
	file.separator = /
	ftp.nonProxyHosts = local|*.local|169.254/16|*.169.254/16
	gopherProxySet = false
	http.nonProxyHosts = local|*.local|169.254/16|*.169.254/16
	java.awt.graphicsenv = sun.awt.CGraphicsEnvironment
	java.awt.headless = true
	java.awt.printerjob = sun.lwawt.macosx.CPrinterJob
	java.class.path = /Users/jhyg/Desktop/uEngine5-bpm/uEngine5-bpm/keycloak-15.0.2/jboss-modules.jar
	java.class.version = 52.0
	java.endorsed.dirs = /Library/Internet Plug-Ins/JavaAppletPlugin.plugin/Contents/Home/lib/endorsed
	java.ext.dirs = /Users/jhyg/Library/Java/Extensions:/Library/Internet Plug-Ins/JavaAppletPlugin.plugin/Contents/Home/lib/ext:/Library/Java/Extensions:/Network/Library/Java/Extensions:/System/Library/Java/Extensions:/usr/lib/java
	java.home = /Library/Internet Plug-Ins/JavaAppletPlugin.plugin/Contents/Home
	java.io.tmpdir = /var/folders/5l/0hmvxjt55q7gqw_43l9c1l1w0000gn/T/
	java.library.path = /Users/jhyg/Library/Java/Extensions:/Library/Java/Extensions:/Network/Library/Java/Extensions:/System/Library/Java/Extensions:/usr/lib/java:.
	java.net.preferIPv4Stack = true
	java.runtime.name = Java(TM) SE Runtime Environment
	java.runtime.version = 1.8.0_271-b09
	java.specification.name = Java Platform API Specification
	java.specification.vendor = Oracle Corporation
	java.specification.version = 1.8
	java.util.logging.manager = org.jboss.logmanager.LogManager
	java.vendor = Oracle Corporation
	java.vendor.url = http://java.oracle.com/
	java.vendor.url.bug = http://bugreport.sun.com/bugreport/
	java.version = 1.8.0_271
	java.vm.info = mixed mode
	java.vm.name = Java HotSpot(TM) 64-Bit Server VM
	java.vm.specification.name = Java Virtual Machine Specification
	java.vm.specification.vendor = Oracle Corporation
	java.vm.specification.version = 1.8
	java.vm.vendor = Oracle Corporation
	java.vm.version = 25.271-b09
	javax.management.builder.initial = org.jboss.as.jmx.PluggableMBeanServerBuilder
	jboss.home.dir = /Users/jhyg/Desktop/uEngine5-bpm/uEngine5-bpm/keycloak-15.0.2
	jboss.host.name = jangjaehyeong-ui-macbookpro
	jboss.modules.dir = /Users/jhyg/Desktop/uEngine5-bpm/uEngine5-bpm/keycloak-15.0.2/modules
	jboss.modules.system.pkgs = org.jboss.byteman
	jboss.node.name = jangjaehyeong-ui-macbookpro
	jboss.qualified.host.name = jangjaehyeong-ui-macbookpro.local
	jboss.server.base.dir = /Users/jhyg/Desktop/uEngine5-bpm/uEngine5-bpm/keycloak-15.0.2/standalone
	jboss.server.config.dir = /Users/jhyg/Desktop/uEngine5-bpm/uEngine5-bpm/keycloak-15.0.2/standalone/configuration
	jboss.server.data.dir = /Users/jhyg/Desktop/uEngine5-bpm/uEngine5-bpm/keycloak-15.0.2/standalone/data
	jboss.server.deploy.dir = /Users/jhyg/Desktop/uEngine5-bpm/uEngine5-bpm/keycloak-15.0.2/standalone/data/content
	jboss.server.log.dir = /Users/jhyg/Desktop/uEngine5-bpm/uEngine5-bpm/keycloak-15.0.2/standalone/log
	jboss.server.name = jangjaehyeong-ui-macbookpro
	jboss.server.persist.config = true
	jboss.server.temp.dir = /Users/jhyg/Desktop/uEngine5-bpm/uEngine5-bpm/keycloak-15.0.2/standalone/tmp
	line.separator = 

	logging.configuration = file:/Users/jhyg/Desktop/uEngine5-bpm/uEngine5-bpm/keycloak-15.0.2/standalone/configuration/logging.properties
	module.path = /Users/jhyg/Desktop/uEngine5-bpm/uEngine5-bpm/keycloak-15.0.2/modules
	org.jboss.boot.log.file = /Users/jhyg/Desktop/uEngine5-bpm/uEngine5-bpm/keycloak-15.0.2/standalone/log/server.log
	org.jboss.resolver.warning = true
	os.arch = x86_64
	os.name = Mac OS X
	os.version = 10.16
	path.separator = :
	socksNonProxyHosts = local|*.local|169.254/16|*.169.254/16
	sun.arch.data.model = 64
	sun.boot.class.path = /Library/Internet Plug-Ins/JavaAppletPlugin.plugin/Contents/Home/lib/resources.jar:/Library/Internet Plug-Ins/JavaAppletPlugin.plugin/Contents/Home/lib/rt.jar:/Library/Internet Plug-Ins/JavaAppletPlugin.plugin/Contents/Home/lib/sunrsasign.jar:/Library/Internet Plug-Ins/JavaAppletPlugin.plugin/Contents/Home/lib/jsse.jar:/Library/Internet Plug-Ins/JavaAppletPlugin.plugin/Contents/Home/lib/jce.jar:/Library/Internet Plug-Ins/JavaAppletPlugin.plugin/Contents/Home/lib/charsets.jar:/Library/Internet Plug-Ins/JavaAppletPlugin.plugin/Contents/Home/lib/jfr.jar:/Library/Internet Plug-Ins/JavaAppletPlugin.plugin/Contents/Home/classes
	sun.boot.library.path = /Library/Internet Plug-Ins/JavaAppletPlugin.plugin/Contents/Home/lib
	sun.cpu.endian = little
	sun.cpu.isalist = 
	sun.io.unicode.encoding = UnicodeBig
	sun.java.command = /Users/jhyg/Desktop/uEngine5-bpm/uEngine5-bpm/keycloak-15.0.2/jboss-modules.jar -mp /Users/jhyg/Desktop/uEngine5-bpm/uEngine5-bpm/keycloak-15.0.2/modules org.jboss.as.standalone -Djboss.home.dir=/Users/jhyg/Desktop/uEngine5-bpm/uEngine5-bpm/keycloak-15.0.2 -Djboss.server.base.dir=/Users/jhyg/Desktop/uEngine5-bpm/uEngine5-bpm/keycloak-15.0.2/standalone
	sun.java.launcher = SUN_STANDARD
	sun.jnu.encoding = UTF-8
	sun.management.compiler = HotSpot 64-Bit Tiered Compilers
	sun.os.patch.level = unknown
	user.country = KR
	user.dir = /Users/jhyg/Desktop/uEngine5-bpm/uEngine5-bpm/keycloak-15.0.2/bin
	user.home = /Users/jhyg
	user.language = ko
	user.language.format = ko-Kore
	user.name = jhyg
	user.timezone = Asia/Seoul
2021-11-10 11:34:23,865 DEBUG [org.jboss.as.config] (MSC service thread 1-2) VM Arguments: -D[Standalone] -Xms64m -Xmx512m -XX:MetaspaceSize=96M -XX:MaxMetaspaceSize=256m -Djava.net.preferIPv4Stack=true -Djboss.modules.system.pkgs=org.jboss.byteman -Djava.awt.headless=true -Dorg.jboss.boot.log.file=/Users/jhyg/Desktop/uEngine5-bpm/uEngine5-bpm/keycloak-15.0.2/standalone/log/server.log -Dlogging.configuration=file:/Users/jhyg/Desktop/uEngine5-bpm/uEngine5-bpm/keycloak-15.0.2/standalone/configuration/logging.properties 
2021-11-10 11:34:26,507 INFO  [org.wildfly.security] (ServerService Thread Pool -- 17) ELY00001: WildFly Elytron version 1.15.3.Final
2021-11-10 11:34:27,825 INFO  [org.jboss.as.controller.management-deprecated] (ServerService Thread Pool -- 11) WFLYCTL0033: Extension 'security' is deprecated and may not be supported in future versions
2021-11-10 11:34:28,449 INFO  [org.jboss.as.controller.management-deprecated] (Controller Boot Thread) WFLYCTL0028: Attribute 'security-realm' in the resource at address '/core-service=management/management-interface=http-interface' is deprecated, and may be removed in a future version. See the attribute description in the output of the read-resource-description operation to learn more about the deprecation.
2021-11-10 11:34:28,501 INFO  [org.jboss.as.controller.management-deprecated] (ServerService Thread Pool -- 26) WFLYCTL0028: Attribute 'security-realm' in the resource at address '/subsystem=undertow/server=default-server/https-listener=https' is deprecated, and may be removed in a future version. See the attribute description in the output of the read-resource-description operation to learn more about the deprecation.
2021-11-10 11:34:29,015 INFO  [org.jboss.as.server] (Controller Boot Thread) WFLYSRV0039: Creating http management service using socket-binding (management-http)
2021-11-10 11:34:29,051 INFO  [org.xnio] (MSC service thread 1-3) XNIO version 3.8.4.Final
2021-11-10 11:34:29,065 INFO  [org.xnio.nio] (MSC service thread 1-3) XNIO NIO Implementation Version 3.8.4.Final
2021-11-10 11:34:29,156 INFO  [org.jboss.remoting] (MSC service thread 1-1) JBoss Remoting version 5.0.20.Final
2021-11-10 11:34:29,178 INFO  [org.jboss.as.clustering.infinispan] (ServerService Thread Pool -- 37) WFLYCLINF0001: Activating Infinispan subsystem.
2021-11-10 11:34:29,183 INFO  [org.wildfly.extension.health] (ServerService Thread Pool -- 36) WFLYHEALTH0001: Activating Base Health Subsystem
2021-11-10 11:34:29,202 INFO  [org.wildfly.extension.io] (ServerService Thread Pool -- 38) WFLYIO001: Worker 'default' has auto-configured to 16 IO threads with 128 max task threads based on your 8 available processors
2021-11-10 11:34:29,227 INFO  [org.jboss.as.naming] (ServerService Thread Pool -- 46) WFLYNAM0001: Activating Naming Subsystem
2021-11-10 11:34:29,239 INFO  [org.jboss.as.security] (ServerService Thread Pool -- 49) WFLYSEC0002: Activating Security Subsystem
2021-11-10 11:34:29,239 INFO  [org.wildfly.extension.metrics] (ServerService Thread Pool -- 45) WFLYMETRICS0001: Activating Base Metrics Subsystem
2021-11-10 11:34:29,236 WARN  [org.jboss.as.txn] (ServerService Thread Pool -- 51) WFLYTX0013: The node-identifier attribute on the /subsystem=transactions is set to the default value. This is a danger for environments running multiple servers. Please make sure the attribute value is unique.
2021-11-10 11:34:29,256 INFO  [org.jboss.as.connector] (MSC service thread 1-7) WFLYJCA0009: Starting Jakarta Connectors Subsystem (WildFly/IronJacamar 1.4.27.Final)
2021-11-10 11:34:29,261 INFO  [org.jboss.as.jaxrs] (ServerService Thread Pool -- 39) WFLYRS0016: RESTEasy version 3.15.1.Final
2021-11-10 11:34:29,286 INFO  [org.jboss.as.security] (MSC service thread 1-1) WFLYSEC0001: Current PicketBox version=5.0.3.Final-redhat-00007
2021-11-10 11:34:29,399 INFO  [org.jboss.as.connector.subsystems.datasources] (ServerService Thread Pool -- 31) WFLYJCA0004: Deploying JDBC-compliant driver class org.h2.Driver (version 1.4)
2021-11-10 11:34:29,414 INFO  [org.jboss.as.connector.deployers.jdbc] (MSC service thread 1-3) WFLYJCA0018: Started Driver service with driver-name = h2
2021-11-10 11:34:29,421 INFO  [org.wildfly.extension.undertow] (MSC service thread 1-5) WFLYUT0003: Undertow 2.2.5.Final starting
2021-11-10 11:34:29,470 INFO  [org.jboss.as.naming] (MSC service thread 1-4) WFLYNAM0003: Starting Naming Service
2021-11-10 11:34:29,479 INFO  [org.jboss.as.mail.extension] (MSC service thread 1-7) WFLYMAIL0001: Bound mail session [java:jboss/mail/Default]
2021-11-10 11:34:29,495 WARN  [org.wildfly.extension.elytron] (MSC service thread 1-2) WFLYELY00023: KeyStore file '/Users/jhyg/Desktop/uEngine5-bpm/uEngine5-bpm/keycloak-15.0.2/standalone/configuration/application.keystore' does not exist. Used blank.
2021-11-10 11:34:29,509 WARN  [org.wildfly.clustering.web.undertow] (ServerService Thread Pool -- 52) WFLYCLWEBUT0007: No routing provider found for default-server; using legacy provider based on static configuration
2021-11-10 11:34:29,542 WARN  [org.wildfly.extension.elytron] (MSC service thread 1-2) WFLYELY01084: KeyStore /Users/jhyg/Desktop/uEngine5-bpm/uEngine5-bpm/keycloak-15.0.2/standalone/configuration/application.keystore not found, it will be auto generated on first use with a self-signed certificate for host localhost
2021-11-10 11:34:29,683 INFO  [org.jboss.as.ejb3] (MSC service thread 1-8) WFLYEJB0482: Strict pool mdb-strict-max-pool is using a max instance size of 32 (per class), which is derived from the number of CPUs on this host.
2021-11-10 11:34:29,683 INFO  [org.jboss.as.ejb3] (MSC service thread 1-4) WFLYEJB0481: Strict pool slsb-strict-max-pool is using a max instance size of 128 (per class), which is derived from thread worker pool sizing.
2021-11-10 11:34:29,699 INFO  [org.wildfly.extension.undertow] (ServerService Thread Pool -- 52) WFLYUT0014: Creating file handler for path '/Users/jhyg/Desktop/uEngine5-bpm/uEngine5-bpm/keycloak-15.0.2/welcome-content' with options [directory-listing: 'false', follow-symlink: 'false', case-sensitive: 'true', safe-symlink-paths: '[]']
2021-11-10 11:34:29,730 INFO  [org.wildfly.extension.undertow] (MSC service thread 1-6) WFLYUT0012: Started server default-server.
2021-11-10 11:34:29,733 INFO  [org.wildfly.extension.undertow] (MSC service thread 1-3) Queuing requests.
2021-11-10 11:34:29,734 INFO  [org.wildfly.extension.undertow] (MSC service thread 1-3) WFLYUT0018: Host default-host starting
2021-11-10 11:34:30,204 INFO  [org.wildfly.extension.undertow] (MSC service thread 1-6) WFLYUT0006: Undertow HTTP listener default listening on 127.0.0.1:8080
2021-11-10 11:34:30,284 INFO  [org.jboss.as.ejb3] (MSC service thread 1-4) WFLYEJB0493: Jakarta Enterprise Beans subsystem suspension complete
2021-11-10 11:34:30,549 INFO  [org.jboss.as.connector.subsystems.datasources] (MSC service thread 1-4) WFLYJCA0001: Bound data source [java:jboss/datasources/ExampleDS]
2021-11-10 11:34:30,551 INFO  [org.jboss.as.connector.subsystems.datasources] (MSC service thread 1-4) WFLYJCA0001: Bound data source [java:jboss/datasources/KeycloakDS]
2021-11-10 11:34:31,114 INFO  [org.jboss.as.patching] (MSC service thread 1-4) WFLYPAT0050: Keycloak cumulative patch ID is: base, one-off patches include: none
2021-11-10 11:34:31,141 WARN  [org.jboss.as.domain.management.security] (MSC service thread 1-1) WFLYDM0111: Keystore /Users/jhyg/Desktop/uEngine5-bpm/uEngine5-bpm/keycloak-15.0.2/standalone/configuration/application.keystore not found, it will be auto generated on first use with a self signed certificate for host localhost
2021-11-10 11:34:31,150 INFO  [org.jboss.as.server.deployment.scanner] (MSC service thread 1-6) WFLYDS0013: Started FileSystemDeploymentService for directory /Users/jhyg/Desktop/uEngine5-bpm/uEngine5-bpm/keycloak-15.0.2/standalone/deployments
2021-11-10 11:34:31,178 INFO  [org.jboss.as.server.deployment] (MSC service thread 1-4) WFLYSRV0027: Starting deployment of "keycloak-server.war" (runtime-name: "keycloak-server.war")
2021-11-10 11:34:31,201 INFO  [org.wildfly.extension.undertow] (MSC service thread 1-8) WFLYUT0006: Undertow HTTPS listener https listening on 127.0.0.1:8443
2021-11-10 11:34:34,837 INFO  [org.infinispan.CONTAINER] (ServerService Thread Pool -- 55) ISPN000128: Infinispan version: Infinispan 'Corona Extra' 11.0.9.Final
2021-11-10 11:34:35,075 INFO  [org.infinispan.CONFIG] (MSC service thread 1-3) ISPN000152: Passivation configured without an eviction policy being selected. Only manually evicted entities will be passivated.
2021-11-10 11:34:35,077 INFO  [org.infinispan.CONFIG] (MSC service thread 1-3) ISPN000152: Passivation configured without an eviction policy being selected. Only manually evicted entities will be passivated.
2021-11-10 11:34:35,333 INFO  [org.infinispan.PERSISTENCE] (ServerService Thread Pool -- 55) ISPN000556: Starting user marshaller 'org.wildfly.clustering.infinispan.marshalling.jboss.JBossMarshaller'
2021-11-10 11:34:35,333 INFO  [org.infinispan.PERSISTENCE] (ServerService Thread Pool -- 54) ISPN000556: Starting user marshaller 'org.wildfly.clustering.infinispan.spi.marshalling.InfinispanProtoStreamMarshaller'
2021-11-10 11:34:36,601 INFO  [org.jboss.as.clustering.infinispan] (ServerService Thread Pool -- 54) WFLYCLINF0002: Started http-remoting-connector cache from ejb container
2021-11-10 11:34:36,724 INFO  [org.jboss.as.clustering.infinispan] (ServerService Thread Pool -- 58) WFLYCLINF0002: Started authenticationSessions cache from keycloak container
2021-11-10 11:34:36,724 INFO  [org.jboss.as.clustering.infinispan] (ServerService Thread Pool -- 60) WFLYCLINF0002: Started work cache from keycloak container
2021-11-10 11:34:36,795 INFO  [org.jboss.as.clustering.infinispan] (ServerService Thread Pool -- 62) WFLYCLINF0002: Started offlineClientSessions cache from keycloak container
2021-11-10 11:34:36,795 INFO  [org.jboss.as.clustering.infinispan] (ServerService Thread Pool -- 66) WFLYCLINF0002: Started offlineSessions cache from keycloak container
2021-11-10 11:34:36,795 INFO  [org.jboss.as.clustering.infinispan] (ServerService Thread Pool -- 63) WFLYCLINF0002: Started actionTokens cache from keycloak container
2021-11-10 11:34:36,795 INFO  [org.jboss.as.clustering.infinispan] (ServerService Thread Pool -- 61) WFLYCLINF0002: Started loginFailures cache from keycloak container
2021-11-10 11:34:36,795 INFO  [org.jboss.as.clustering.infinispan] (ServerService Thread Pool -- 65) WFLYCLINF0002: Started clientSessions cache from keycloak container
2021-11-10 11:34:36,795 INFO  [org.jboss.as.clustering.infinispan] (ServerService Thread Pool -- 67) WFLYCLINF0002: Started sessions cache from keycloak container
2021-11-10 11:34:36,860 INFO  [org.jboss.as.clustering.infinispan] (ServerService Thread Pool -- 56) WFLYCLINF0002: Started authorization cache from keycloak container
2021-11-10 11:34:36,869 INFO  [org.jboss.as.clustering.infinispan] (ServerService Thread Pool -- 59) WFLYCLINF0002: Started users cache from keycloak container
2021-11-10 11:34:36,871 INFO  [org.jboss.as.clustering.infinispan] (ServerService Thread Pool -- 57) WFLYCLINF0002: Started realms cache from keycloak container
2021-11-10 11:34:36,871 INFO  [org.jboss.as.clustering.infinispan] (ServerService Thread Pool -- 64) WFLYCLINF0002: Started keys cache from keycloak container
2021-11-10 11:34:37,285 WARN  [org.jboss.as.server.deployment] (MSC service thread 1-1) WFLYSRV0273: Excluded subsystem webservices via jboss-deployment-structure.xml does not exist.
2021-11-10 11:34:40,222 INFO  [org.keycloak.services] (ServerService Thread Pool -- 64) KC-SERVICES0001: Loading config from standalone.xml or domain.xml
2021-11-10 11:34:42,453 INFO  [org.keycloak.url.DefaultHostnameProviderFactory] (ServerService Thread Pool -- 64) Frontend: <request>, Admin: <frontend>, Backend: <request>
2021-11-10 11:34:42,986 INFO  [org.jboss.as.clustering.infinispan] (ServerService Thread Pool -- 64) WFLYCLINF0002: Started realmRevisions cache from keycloak container
2021-11-10 11:34:43,034 INFO  [org.jboss.as.clustering.infinispan] (ServerService Thread Pool -- 64) WFLYCLINF0002: Started userRevisions cache from keycloak container
2021-11-10 11:34:43,073 INFO  [org.jboss.as.clustering.infinispan] (ServerService Thread Pool -- 64) WFLYCLINF0002: Started authorizationRevisions cache from keycloak container
2021-11-10 11:34:43,091 INFO  [org.keycloak.connections.infinispan.DefaultInfinispanConnectionProviderFactory] (ServerService Thread Pool -- 64) Node name: jangjaehyeong-ui-macbookpro, Site name: null
2021-11-10 11:34:53,124 INFO  [org.keycloak.connections.jpa.DefaultJpaConnectionProviderFactory] (ServerService Thread Pool -- 64) Database info: {databaseUrl=jdbc:h2:/Users/jhyg/Desktop/uEngine5-bpm/uEngine5-bpm/keycloak-15.0.2/standalone/data/keycloak, databaseUser=SA, databaseProduct=H2 1.4.197 (2018-03-18), databaseDriver=H2 JDBC Driver 1.4.197 (2018-03-18)}
2021-11-10 11:35:01,175 INFO  [org.hibernate.jpa.internal.util.LogHelper] (ServerService Thread Pool -- 64) HHH000204: Processing PersistenceUnitInfo [
	name: keycloak-default
	...]
2021-11-10 11:35:01,480 INFO  [org.hibernate.Version] (ServerService Thread Pool -- 64) HHH000412: Hibernate Core {5.3.20.Final}
2021-11-10 11:35:01,484 INFO  [org.hibernate.cfg.Environment] (ServerService Thread Pool -- 64) HHH000206: hibernate.properties not found
2021-11-10 11:35:02,215 INFO  [org.hibernate.annotations.common.Version] (ServerService Thread Pool -- 64) HCANN000001: Hibernate Commons Annotations {5.0.5.Final}
2021-11-10 11:35:02,998 INFO  [org.hibernate.dialect.Dialect] (ServerService Thread Pool -- 64) HHH000400: Using dialect: org.hibernate.dialect.H2Dialect
2021-11-10 11:35:03,186 INFO  [org.hibernate.envers.boot.internal.EnversServiceImpl] (ServerService Thread Pool -- 64) Envers integration enabled? : true
2021-11-10 11:35:05,907 INFO  [org.hibernate.orm.beans] (ServerService Thread Pool -- 64) HHH10005002: No explicit CDI BeanManager reference was passed to Hibernate, but CDI is available on the Hibernate ClassLoader.
2021-11-10 11:35:06,145 INFO  [org.hibernate.validator.internal.util.Version] (ServerService Thread Pool -- 64) HV000001: Hibernate Validator 6.0.22.Final
2021-11-10 11:35:13,808 INFO  [org.hibernate.hql.internal.QueryTranslatorFactoryInitiator] (ServerService Thread Pool -- 64) HHH000397: Using ASTQueryTranslatorFactory
2021-11-10 11:35:18,443 INFO  [org.jboss.resteasy.resteasy_jaxrs.i18n] (ServerService Thread Pool -- 64) RESTEASY002225: Deploying javax.ws.rs.core.Application: class org.keycloak.services.resources.KeycloakApplication
2021-11-10 11:35:18,448 INFO  [org.jboss.resteasy.resteasy_jaxrs.i18n] (ServerService Thread Pool -- 64) RESTEASY002200: Adding class resource org.keycloak.services.resources.JsResource from Application class org.keycloak.services.resources.KeycloakApplication
2021-11-10 11:35:18,449 INFO  [org.jboss.resteasy.resteasy_jaxrs.i18n] (ServerService Thread Pool -- 64) RESTEASY002205: Adding provider class org.keycloak.services.error.KeycloakErrorHandler from Application class org.keycloak.services.resources.KeycloakApplication
2021-11-10 11:35:18,450 INFO  [org.jboss.resteasy.resteasy_jaxrs.i18n] (ServerService Thread Pool -- 64) RESTEASY002200: Adding class resource org.keycloak.services.resources.ThemeResource from Application class org.keycloak.services.resources.KeycloakApplication
2021-11-10 11:35:18,453 INFO  [org.jboss.resteasy.resteasy_jaxrs.i18n] (ServerService Thread Pool -- 64) RESTEASY002205: Adding provider class org.keycloak.services.filters.KeycloakSecurityHeadersFilter from Application class org.keycloak.services.resources.KeycloakApplication
2021-11-10 11:35:18,453 INFO  [org.jboss.resteasy.resteasy_jaxrs.i18n] (ServerService Thread Pool -- 64) RESTEASY002210: Adding provider singleton org.keycloak.services.util.ObjectMapperResolver from Application class org.keycloak.services.resources.KeycloakApplication
2021-11-10 11:35:18,455 INFO  [org.jboss.resteasy.resteasy_jaxrs.i18n] (ServerService Thread Pool -- 64) RESTEASY002220: Adding singleton resource org.keycloak.services.resources.admin.AdminRoot from Application class org.keycloak.services.resources.KeycloakApplication
2021-11-10 11:35:18,455 INFO  [org.jboss.resteasy.resteasy_jaxrs.i18n] (ServerService Thread Pool -- 64) RESTEASY002220: Adding singleton resource org.keycloak.services.resources.RealmsResource from Application class org.keycloak.services.resources.KeycloakApplication
2021-11-10 11:35:18,457 INFO  [org.jboss.resteasy.resteasy_jaxrs.i18n] (ServerService Thread Pool -- 64) RESTEASY002220: Adding singleton resource org.keycloak.services.resources.RobotsResource from Application class org.keycloak.services.resources.KeycloakApplication
2021-11-10 11:35:18,457 INFO  [org.jboss.resteasy.resteasy_jaxrs.i18n] (ServerService Thread Pool -- 64) RESTEASY002220: Adding singleton resource org.keycloak.services.resources.WelcomeResource from Application class org.keycloak.services.resources.KeycloakApplication
2021-11-10 11:35:18,779 INFO  [org.wildfly.extension.undertow] (ServerService Thread Pool -- 64) WFLYUT0021: Registered web context: '/auth' for server 'default-server'
2021-11-10 11:35:19,347 INFO  [org.jboss.as.server] (ServerService Thread Pool -- 43) WFLYSRV0010: Deployed "keycloak-server.war" (runtime-name : "keycloak-server.war")
2021-11-10 11:35:19,570 INFO  [org.jboss.as.server] (Controller Boot Thread) WFLYSRV0212: Resuming server
2021-11-10 11:35:19,585 INFO  [org.jboss.as] (Controller Boot Thread) WFLYSRV0025: Keycloak 15.0.2 (WildFly Core 15.0.1.Final) started in 60126ms - Started 594 of 872 services (584 services are lazy, passive or on-demand)
2021-11-10 11:35:19,592 INFO  [org.jboss.as] (Controller Boot Thread) WFLYSRV0060: Http management interface listening on http://127.0.0.1:9990/management
2021-11-10 11:35:19,592 INFO  [org.jboss.as] (Controller Boot Thread) WFLYSRV0051: Admin console listening on http://127.0.0.1:9990
2021-11-10 15:46:40,765 INFO  [org.jboss.as.server] (Thread-2) WFLYSRV0272: Suspending server
2021-11-10 15:46:40,874 INFO  [org.jboss.as.ejb3] (Thread-2) WFLYEJB0493: Jakarta Enterprise Beans subsystem suspension complete
2021-11-10 15:46:40,943 INFO  [org.jboss.as.server] (Thread-2) WFLYSRV0220: Server shutdown has been requested via an OS signal
2021-11-10 15:46:41,103 INFO  [org.wildfly.extension.undertow] (MSC service thread 1-3) WFLYUT0008: Undertow HTTPS listener https suspending
2021-11-10 15:46:41,145 INFO  [org.wildfly.extension.undertow] (ServerService Thread Pool -- 70) WFLYUT0022: Unregistered web context: '/auth' from server 'default-server'
2021-11-10 15:46:41,170 INFO  [org.wildfly.extension.undertow] (MSC service thread 1-3) WFLYUT0007: Undertow HTTPS listener https stopped, was bound to 127.0.0.1:8443
2021-11-10 15:46:41,225 INFO  [org.jboss.as.connector.subsystems.datasources] (MSC service thread 1-4) WFLYJCA0010: Unbound data source [java:jboss/datasources/KeycloakDS]
2021-11-10 15:46:41,260 INFO  [org.jboss.as.mail.extension] (MSC service thread 1-2) WFLYMAIL0002: Unbound mail session [java:jboss/mail/Default]
2021-11-10 15:46:41,472 INFO  [org.jboss.as.connector.subsystems.datasources] (MSC service thread 1-3) WFLYJCA0010: Unbound data source [java:jboss/datasources/ExampleDS]
2021-11-10 15:46:41,481 INFO  [org.jboss.as.connector.deployers.jdbc] (MSC service thread 1-2) WFLYJCA0019: Stopped Driver service with driver-name = h2
2021-11-10 15:46:41,501 INFO  [org.wildfly.extension.undertow] (MSC service thread 1-1) WFLYUT0019: Host default-host stopping
2021-11-10 15:46:41,624 INFO  [org.jboss.as.clustering.infinispan] (ServerService Thread Pool -- 81) WFLYCLINF0003: Stopped work cache from keycloak container
2021-11-10 15:46:41,624 INFO  [org.jboss.as.clustering.infinispan] (ServerService Thread Pool -- 76) WFLYCLINF0003: Stopped authorization cache from keycloak container
2021-11-10 15:46:41,624 INFO  [org.jboss.as.clustering.infinispan] (ServerService Thread Pool -- 78) WFLYCLINF0003: Stopped sessions cache from keycloak container
2021-11-10 15:46:41,624 INFO  [org.jboss.as.clustering.infinispan] (ServerService Thread Pool -- 72) WFLYCLINF0003: Stopped loginFailures cache from keycloak container
2021-11-10 15:46:41,624 INFO  [org.jboss.as.clustering.infinispan] (ServerService Thread Pool -- 74) WFLYCLINF0003: Stopped clientSessions cache from keycloak container
2021-11-10 15:46:41,624 INFO  [org.jboss.as.clustering.infinispan] (ServerService Thread Pool -- 75) WFLYCLINF0003: Stopped authenticationSessions cache from keycloak container
2021-11-10 15:46:41,624 INFO  [org.jboss.as.clustering.infinispan] (ServerService Thread Pool -- 73) WFLYCLINF0003: Stopped actionTokens cache from keycloak container
2021-11-10 15:46:41,624 INFO  [org.jboss.as.clustering.infinispan] (ServerService Thread Pool -- 70) WFLYCLINF0003: Stopped offlineClientSessions cache from keycloak container
2021-11-10 15:46:41,624 INFO  [org.jboss.as.clustering.infinispan] (ServerService Thread Pool -- 77) WFLYCLINF0003: Stopped offlineSessions cache from keycloak container
2021-11-10 15:46:41,625 INFO  [org.jboss.as.clustering.infinispan] (ServerService Thread Pool -- 79) WFLYCLINF0003: Stopped keys cache from keycloak container
2021-11-10 15:46:41,658 INFO  [org.jboss.as.clustering.infinispan] (ServerService Thread Pool -- 64) WFLYCLINF0003: Stopped users cache from keycloak container
2021-11-10 15:46:41,670 INFO  [org.jboss.as.server.deployment] (MSC service thread 1-2) WFLYSRV0028: Stopped deployment keycloak-server.war (runtime-name: keycloak-server.war) in 501ms
2021-11-10 15:46:41,670 INFO  [org.jboss.as.clustering.infinispan] (ServerService Thread Pool -- 80) WFLYCLINF0003: Stopped realms cache from keycloak container
2021-11-10 15:46:41,677 INFO  [org.wildfly.extension.undertow] (MSC service thread 1-1) WFLYUT0008: Undertow HTTP listener default suspending
2021-11-10 15:46:41,678 INFO  [org.wildfly.extension.undertow] (MSC service thread 1-1) WFLYUT0007: Undertow HTTP listener default stopped, was bound to 127.0.0.1:8080
2021-11-10 15:46:41,677 INFO  [org.infinispan.manager.DefaultCacheManager] (ServerService Thread Pool -- 80) Stopping cache manager null on null
2021-11-10 15:46:41,680 INFO  [org.wildfly.extension.undertow] (MSC service thread 1-4) WFLYUT0004: Undertow 2.2.5.Final stopping
2021-11-10 15:46:41,935 INFO  [org.jboss.as.clustering.infinispan] (ServerService Thread Pool -- 71) WFLYCLINF0003: Stopped http-remoting-connector cache from ejb container
2021-11-10 15:46:41,943 INFO  [org.infinispan.manager.DefaultCacheManager] (ServerService Thread Pool -- 71) Stopping cache manager null on null
2021-11-10 15:46:42,010 INFO  [org.jboss.as] (MSC service thread 1-3) WFLYSRV0050: Keycloak 15.0.2 (WildFly Core 15.0.1.Final) stopped in 839ms
2021-11-10 16:42:17,641 INFO  [org.jboss.modules] (main) JBoss Modules version 1.11.0.Final
2021-11-10 16:42:18,430 INFO  [org.jboss.msc] (main) JBoss MSC version 1.4.12.Final
2021-11-10 16:42:18,450 INFO  [org.jboss.threads] (main) JBoss Threads version 2.4.0.Final
2021-11-10 16:42:18,681 INFO  [org.jboss.as] (MSC service thread 1-2) WFLYSRV0049: Keycloak 15.0.2 (WildFly Core 15.0.1.Final) starting
2021-11-10 16:42:18,684 DEBUG [org.jboss.as.config] (MSC service thread 1-2) Configured system properties:
	[Standalone] = 
	awt.toolkit = sun.lwawt.macosx.LWCToolkit
	file.encoding = UTF-8
	file.encoding.pkg = sun.io
	file.separator = /
	ftp.nonProxyHosts = local|*.local|169.254/16|*.169.254/16
	gopherProxySet = false
	http.nonProxyHosts = local|*.local|169.254/16|*.169.254/16
	java.awt.graphicsenv = sun.awt.CGraphicsEnvironment
	java.awt.headless = true
	java.awt.printerjob = sun.lwawt.macosx.CPrinterJob
	java.class.path = /Users/jhyg/Desktop/uEngine5-bpm/uEngine5-bpm/keycloak-15.0.2/jboss-modules.jar
	java.class.version = 52.0
	java.endorsed.dirs = /Library/Internet Plug-Ins/JavaAppletPlugin.plugin/Contents/Home/lib/endorsed
	java.ext.dirs = /Users/jhyg/Library/Java/Extensions:/Library/Internet Plug-Ins/JavaAppletPlugin.plugin/Contents/Home/lib/ext:/Library/Java/Extensions:/Network/Library/Java/Extensions:/System/Library/Java/Extensions:/usr/lib/java
	java.home = /Library/Internet Plug-Ins/JavaAppletPlugin.plugin/Contents/Home
	java.io.tmpdir = /var/folders/5l/0hmvxjt55q7gqw_43l9c1l1w0000gn/T/
	java.library.path = /Users/jhyg/Library/Java/Extensions:/Library/Java/Extensions:/Network/Library/Java/Extensions:/System/Library/Java/Extensions:/usr/lib/java:.
	java.net.preferIPv4Stack = true
	java.runtime.name = Java(TM) SE Runtime Environment
	java.runtime.version = 1.8.0_271-b09
	java.specification.name = Java Platform API Specification
	java.specification.vendor = Oracle Corporation
	java.specification.version = 1.8
	java.util.logging.manager = org.jboss.logmanager.LogManager
	java.vendor = Oracle Corporation
	java.vendor.url = http://java.oracle.com/
	java.vendor.url.bug = http://bugreport.sun.com/bugreport/
	java.version = 1.8.0_271
	java.vm.info = mixed mode
	java.vm.name = Java HotSpot(TM) 64-Bit Server VM
	java.vm.specification.name = Java Virtual Machine Specification
	java.vm.specification.vendor = Oracle Corporation
	java.vm.specification.version = 1.8
	java.vm.vendor = Oracle Corporation
	java.vm.version = 25.271-b09
	javax.management.builder.initial = org.jboss.as.jmx.PluggableMBeanServerBuilder
	jboss.home.dir = /Users/jhyg/Desktop/uEngine5-bpm/uEngine5-bpm/keycloak-15.0.2
	jboss.host.name = jangjaehyeong-ui-macbookpro
	jboss.modules.dir = /Users/jhyg/Desktop/uEngine5-bpm/uEngine5-bpm/keycloak-15.0.2/modules
	jboss.modules.system.pkgs = org.jboss.byteman
	jboss.node.name = jangjaehyeong-ui-macbookpro
	jboss.qualified.host.name = jangjaehyeong-ui-macbookpro.local
	jboss.server.base.dir = /Users/jhyg/Desktop/uEngine5-bpm/uEngine5-bpm/keycloak-15.0.2/standalone
	jboss.server.config.dir = /Users/jhyg/Desktop/uEngine5-bpm/uEngine5-bpm/keycloak-15.0.2/standalone/configuration
	jboss.server.data.dir = /Users/jhyg/Desktop/uEngine5-bpm/uEngine5-bpm/keycloak-15.0.2/standalone/data
	jboss.server.deploy.dir = /Users/jhyg/Desktop/uEngine5-bpm/uEngine5-bpm/keycloak-15.0.2/standalone/data/content
	jboss.server.log.dir = /Users/jhyg/Desktop/uEngine5-bpm/uEngine5-bpm/keycloak-15.0.2/standalone/log
	jboss.server.name = jangjaehyeong-ui-macbookpro
	jboss.server.persist.config = true
	jboss.server.temp.dir = /Users/jhyg/Desktop/uEngine5-bpm/uEngine5-bpm/keycloak-15.0.2/standalone/tmp
	line.separator = 

	logging.configuration = file:/Users/jhyg/Desktop/uEngine5-bpm/uEngine5-bpm/keycloak-15.0.2/standalone/configuration/logging.properties
	module.path = /Users/jhyg/Desktop/uEngine5-bpm/uEngine5-bpm/keycloak-15.0.2/modules
	org.jboss.boot.log.file = /Users/jhyg/Desktop/uEngine5-bpm/uEngine5-bpm/keycloak-15.0.2/standalone/log/server.log
	org.jboss.resolver.warning = true
	os.arch = x86_64
	os.name = Mac OS X
	os.version = 10.16
	path.separator = :
	socksNonProxyHosts = local|*.local|169.254/16|*.169.254/16
	sun.arch.data.model = 64
	sun.boot.class.path = /Library/Internet Plug-Ins/JavaAppletPlugin.plugin/Contents/Home/lib/resources.jar:/Library/Internet Plug-Ins/JavaAppletPlugin.plugin/Contents/Home/lib/rt.jar:/Library/Internet Plug-Ins/JavaAppletPlugin.plugin/Contents/Home/lib/sunrsasign.jar:/Library/Internet Plug-Ins/JavaAppletPlugin.plugin/Contents/Home/lib/jsse.jar:/Library/Internet Plug-Ins/JavaAppletPlugin.plugin/Contents/Home/lib/jce.jar:/Library/Internet Plug-Ins/JavaAppletPlugin.plugin/Contents/Home/lib/charsets.jar:/Library/Internet Plug-Ins/JavaAppletPlugin.plugin/Contents/Home/lib/jfr.jar:/Library/Internet Plug-Ins/JavaAppletPlugin.plugin/Contents/Home/classes
	sun.boot.library.path = /Library/Internet Plug-Ins/JavaAppletPlugin.plugin/Contents/Home/lib
	sun.cpu.endian = little
	sun.cpu.isalist = 
	sun.io.unicode.encoding = UnicodeBig
	sun.java.command = /Users/jhyg/Desktop/uEngine5-bpm/uEngine5-bpm/keycloak-15.0.2/jboss-modules.jar -mp /Users/jhyg/Desktop/uEngine5-bpm/uEngine5-bpm/keycloak-15.0.2/modules org.jboss.as.standalone -Djboss.home.dir=/Users/jhyg/Desktop/uEngine5-bpm/uEngine5-bpm/keycloak-15.0.2 -Djboss.server.base.dir=/Users/jhyg/Desktop/uEngine5-bpm/uEngine5-bpm/keycloak-15.0.2/standalone
	sun.java.launcher = SUN_STANDARD
	sun.jnu.encoding = UTF-8
	sun.management.compiler = HotSpot 64-Bit Tiered Compilers
	sun.os.patch.level = unknown
	user.country = KR
	user.dir = /Users/jhyg/Desktop/uEngine5-bpm/uEngine5-bpm/keycloak-15.0.2/bin
	user.home = /Users/jhyg
	user.language = ko
	user.language.format = ko-Kore
	user.name = jhyg
	user.timezone = Asia/Seoul
2021-11-10 16:42:18,686 DEBUG [org.jboss.as.config] (MSC service thread 1-2) VM Arguments: -D[Standalone] -Xms64m -Xmx512m -XX:MetaspaceSize=96M -XX:MaxMetaspaceSize=256m -Djava.net.preferIPv4Stack=true -Djboss.modules.system.pkgs=org.jboss.byteman -Djava.awt.headless=true -Dorg.jboss.boot.log.file=/Users/jhyg/Desktop/uEngine5-bpm/uEngine5-bpm/keycloak-15.0.2/standalone/log/server.log -Dlogging.configuration=file:/Users/jhyg/Desktop/uEngine5-bpm/uEngine5-bpm/keycloak-15.0.2/standalone/configuration/logging.properties 
2021-11-10 16:42:19,725 INFO  [org.wildfly.security] (ServerService Thread Pool -- 20) ELY00001: WildFly Elytron version 1.15.3.Final
2021-11-10 16:42:20,246 INFO  [org.jboss.as.controller.management-deprecated] (ServerService Thread Pool -- 22) WFLYCTL0033: Extension 'security' is deprecated and may not be supported in future versions
2021-11-10 16:42:20,486 INFO  [org.jboss.as.controller.management-deprecated] (Controller Boot Thread) WFLYCTL0028: Attribute 'security-realm' in the resource at address '/core-service=management/management-interface=http-interface' is deprecated, and may be removed in a future version. See the attribute description in the output of the read-resource-description operation to learn more about the deprecation.
2021-11-10 16:42:20,510 INFO  [org.jboss.as.controller.management-deprecated] (ServerService Thread Pool -- 13) WFLYCTL0028: Attribute 'security-realm' in the resource at address '/subsystem=undertow/server=default-server/https-listener=https' is deprecated, and may be removed in a future version. See the attribute description in the output of the read-resource-description operation to learn more about the deprecation.
2021-11-10 16:42:20,632 INFO  [org.jboss.as.server] (Controller Boot Thread) WFLYSRV0039: Creating http management service using socket-binding (management-http)
2021-11-10 16:42:20,665 INFO  [org.xnio] (MSC service thread 1-3) XNIO version 3.8.4.Final
2021-11-10 16:42:20,681 INFO  [org.xnio.nio] (MSC service thread 1-3) XNIO NIO Implementation Version 3.8.4.Final
2021-11-10 16:42:20,722 INFO  [org.jboss.as.clustering.infinispan] (ServerService Thread Pool -- 37) WFLYCLINF0001: Activating Infinispan subsystem.
2021-11-10 16:42:20,728 WARN  [org.jboss.as.txn] (ServerService Thread Pool -- 51) WFLYTX0013: The node-identifier attribute on the /subsystem=transactions is set to the default value. This is a danger for environments running multiple servers. Please make sure the attribute value is unique.
2021-11-10 16:42:20,736 INFO  [org.wildfly.extension.io] (ServerService Thread Pool -- 38) WFLYIO001: Worker 'default' has auto-configured to 16 IO threads with 128 max task threads based on your 8 available processors
2021-11-10 16:42:20,742 INFO  [org.wildfly.extension.health] (ServerService Thread Pool -- 36) WFLYHEALTH0001: Activating Base Health Subsystem
2021-11-10 16:42:20,742 INFO  [org.jboss.as.naming] (ServerService Thread Pool -- 46) WFLYNAM0001: Activating Naming Subsystem
2021-11-10 16:42:20,761 INFO  [org.jboss.as.jaxrs] (ServerService Thread Pool -- 39) WFLYRS0016: RESTEasy version 3.15.1.Final
2021-11-10 16:42:20,773 INFO  [org.jboss.as.security] (ServerService Thread Pool -- 49) WFLYSEC0002: Activating Security Subsystem
2021-11-10 16:42:20,789 INFO  [org.wildfly.extension.metrics] (ServerService Thread Pool -- 45) WFLYMETRICS0001: Activating Base Metrics Subsystem
2021-11-10 16:42:20,807 INFO  [org.jboss.as.connector] (MSC service thread 1-4) WFLYJCA0009: Starting Jakarta Connectors Subsystem (WildFly/IronJacamar 1.4.27.Final)
2021-11-10 16:42:20,811 INFO  [org.wildfly.extension.undertow] (MSC service thread 1-5) WFLYUT0003: Undertow 2.2.5.Final starting
2021-11-10 16:42:20,820 INFO  [org.jboss.as.security] (MSC service thread 1-1) WFLYSEC0001: Current PicketBox version=5.0.3.Final-redhat-00007
2021-11-10 16:42:20,856 INFO  [org.jboss.as.connector.subsystems.datasources] (ServerService Thread Pool -- 31) WFLYJCA0004: Deploying JDBC-compliant driver class org.h2.Driver (version 1.4)
2021-11-10 16:42:20,870 INFO  [org.jboss.as.connector.deployers.jdbc] (MSC service thread 1-4) WFLYJCA0018: Started Driver service with driver-name = h2
2021-11-10 16:42:20,879 INFO  [org.jboss.as.naming] (MSC service thread 1-5) WFLYNAM0003: Starting Naming Service
2021-11-10 16:42:20,883 INFO  [org.jboss.as.mail.extension] (MSC service thread 1-5) WFLYMAIL0001: Bound mail session [java:jboss/mail/Default]
2021-11-10 16:42:20,892 WARN  [org.wildfly.clustering.web.undertow] (ServerService Thread Pool -- 52) WFLYCLWEBUT0007: No routing provider found for default-server; using legacy provider based on static configuration
2021-11-10 16:42:20,975 WARN  [org.wildfly.extension.elytron] (MSC service thread 1-4) WFLYELY00023: KeyStore file '/Users/jhyg/Desktop/uEngine5-bpm/uEngine5-bpm/keycloak-15.0.2/standalone/configuration/application.keystore' does not exist. Used blank.
2021-11-10 16:42:21,006 INFO  [org.jboss.remoting] (MSC service thread 1-6) JBoss Remoting version 5.0.20.Final
2021-11-10 16:42:21,035 INFO  [org.wildfly.extension.undertow] (ServerService Thread Pool -- 52) WFLYUT0014: Creating file handler for path '/Users/jhyg/Desktop/uEngine5-bpm/uEngine5-bpm/keycloak-15.0.2/welcome-content' with options [directory-listing: 'false', follow-symlink: 'false', case-sensitive: 'true', safe-symlink-paths: '[]']
2021-11-10 16:42:21,048 WARN  [org.wildfly.extension.elytron] (MSC service thread 1-7) WFLYELY01084: KeyStore /Users/jhyg/Desktop/uEngine5-bpm/uEngine5-bpm/keycloak-15.0.2/standalone/configuration/application.keystore not found, it will be auto generated on first use with a self-signed certificate for host localhost
2021-11-10 16:42:21,072 INFO  [org.wildfly.extension.undertow] (MSC service thread 1-7) WFLYUT0012: Started server default-server.
2021-11-10 16:42:21,074 INFO  [org.wildfly.extension.undertow] (MSC service thread 1-7) Queuing requests.
2021-11-10 16:42:21,077 INFO  [org.wildfly.extension.undertow] (MSC service thread 1-7) WFLYUT0018: Host default-host starting
2021-11-10 16:42:21,153 INFO  [org.jboss.as.ejb3] (MSC service thread 1-2) WFLYEJB0482: Strict pool mdb-strict-max-pool is using a max instance size of 32 (per class), which is derived from the number of CPUs on this host.
2021-11-10 16:42:21,153 INFO  [org.jboss.as.ejb3] (MSC service thread 1-7) WFLYEJB0481: Strict pool slsb-strict-max-pool is using a max instance size of 128 (per class), which is derived from thread worker pool sizing.
2021-11-10 16:42:21,221 INFO  [org.wildfly.extension.undertow] (MSC service thread 1-3) WFLYUT0006: Undertow HTTP listener default listening on 127.0.0.1:8080
2021-11-10 16:42:21,309 INFO  [org.jboss.as.ejb3] (MSC service thread 1-4) WFLYEJB0493: Jakarta Enterprise Beans subsystem suspension complete
2021-11-10 16:42:21,580 INFO  [org.jboss.as.connector.subsystems.datasources] (MSC service thread 1-4) WFLYJCA0001: Bound data source [java:jboss/datasources/ExampleDS]
2021-11-10 16:42:21,581 INFO  [org.jboss.as.connector.subsystems.datasources] (MSC service thread 1-3) WFLYJCA0001: Bound data source [java:jboss/datasources/KeycloakDS]
2021-11-10 16:42:21,787 INFO  [org.jboss.as.patching] (MSC service thread 1-8) WFLYPAT0050: Keycloak cumulative patch ID is: base, one-off patches include: none
2021-11-10 16:42:21,808 WARN  [org.jboss.as.domain.management.security] (MSC service thread 1-8) WFLYDM0111: Keystore /Users/jhyg/Desktop/uEngine5-bpm/uEngine5-bpm/keycloak-15.0.2/standalone/configuration/application.keystore not found, it will be auto generated on first use with a self signed certificate for host localhost
2021-11-10 16:42:21,816 INFO  [org.jboss.as.server.deployment.scanner] (MSC service thread 1-7) WFLYDS0013: Started FileSystemDeploymentService for directory /Users/jhyg/Desktop/uEngine5-bpm/uEngine5-bpm/keycloak-15.0.2/standalone/deployments
2021-11-10 16:42:21,841 INFO  [org.jboss.as.server.deployment] (MSC service thread 1-2) WFLYSRV0027: Starting deployment of "keycloak-server.war" (runtime-name: "keycloak-server.war")
2021-11-10 16:42:21,878 INFO  [org.wildfly.extension.undertow] (MSC service thread 1-8) WFLYUT0006: Undertow HTTPS listener https listening on 127.0.0.1:8443
2021-11-10 16:42:22,987 INFO  [org.infinispan.CONTAINER] (ServerService Thread Pool -- 54) ISPN000128: Infinispan version: Infinispan 'Corona Extra' 11.0.9.Final
2021-11-10 16:42:23,047 INFO  [org.infinispan.CONFIG] (MSC service thread 1-5) ISPN000152: Passivation configured without an eviction policy being selected. Only manually evicted entities will be passivated.
2021-11-10 16:42:23,049 INFO  [org.infinispan.CONFIG] (MSC service thread 1-5) ISPN000152: Passivation configured without an eviction policy being selected. Only manually evicted entities will be passivated.
2021-11-10 16:42:23,197 INFO  [org.infinispan.PERSISTENCE] (ServerService Thread Pool -- 54) ISPN000556: Starting user marshaller 'org.wildfly.clustering.infinispan.spi.marshalling.InfinispanProtoStreamMarshaller'
2021-11-10 16:42:23,197 INFO  [org.infinispan.PERSISTENCE] (ServerService Thread Pool -- 55) ISPN000556: Starting user marshaller 'org.wildfly.clustering.infinispan.marshalling.jboss.JBossMarshaller'
2021-11-10 16:42:23,631 INFO  [org.jboss.as.clustering.infinispan] (ServerService Thread Pool -- 54) WFLYCLINF0002: Started http-remoting-connector cache from ejb container
2021-11-10 16:42:23,660 INFO  [org.jboss.as.clustering.infinispan] (ServerService Thread Pool -- 65) WFLYCLINF0002: Started loginFailures cache from keycloak container
2021-11-10 16:42:23,660 INFO  [org.jboss.as.clustering.infinispan] (ServerService Thread Pool -- 57) WFLYCLINF0002: Started work cache from keycloak container
2021-11-10 16:42:23,661 INFO  [org.jboss.as.clustering.infinispan] (ServerService Thread Pool -- 56) WFLYCLINF0002: Started actionTokens cache from keycloak container
2021-11-10 16:42:23,661 INFO  [org.jboss.as.clustering.infinispan] (ServerService Thread Pool -- 58) WFLYCLINF0002: Started offlineClientSessions cache from keycloak container
2021-11-10 16:42:23,661 INFO  [org.jboss.as.clustering.infinispan] (ServerService Thread Pool -- 66) WFLYCLINF0002: Started offlineSessions cache from keycloak container
2021-11-10 16:42:23,662 INFO  [org.jboss.as.clustering.infinispan] (ServerService Thread Pool -- 59) WFLYCLINF0002: Started sessions cache from keycloak container
2021-11-10 16:42:23,663 INFO  [org.jboss.as.clustering.infinispan] (ServerService Thread Pool -- 62) WFLYCLINF0002: Started clientSessions cache from keycloak container
2021-11-10 16:42:23,664 INFO  [org.jboss.as.clustering.infinispan] (ServerService Thread Pool -- 55) WFLYCLINF0002: Started authenticationSessions cache from keycloak container
2021-11-10 16:42:23,711 INFO  [org.jboss.as.clustering.infinispan] (ServerService Thread Pool -- 60) WFLYCLINF0002: Started authorization cache from keycloak container
2021-11-10 16:42:23,711 INFO  [org.jboss.as.clustering.infinispan] (ServerService Thread Pool -- 64) WFLYCLINF0002: Started keys cache from keycloak container
2021-11-10 16:42:23,711 INFO  [org.jboss.as.clustering.infinispan] (ServerService Thread Pool -- 63) WFLYCLINF0002: Started realms cache from keycloak container
2021-11-10 16:42:23,711 INFO  [org.jboss.as.clustering.infinispan] (ServerService Thread Pool -- 61) WFLYCLINF0002: Started users cache from keycloak container
2021-11-10 16:42:23,838 WARN  [org.jboss.as.server.deployment] (MSC service thread 1-4) WFLYSRV0273: Excluded subsystem webservices via jboss-deployment-structure.xml does not exist.
2021-11-10 16:42:24,958 INFO  [org.keycloak.services] (ServerService Thread Pool -- 54) KC-SERVICES0001: Loading config from standalone.xml or domain.xml
2021-11-10 16:42:25,824 INFO  [org.keycloak.url.DefaultHostnameProviderFactory] (ServerService Thread Pool -- 54) Frontend: <request>, Admin: <frontend>, Backend: <request>
2021-11-10 16:42:26,084 INFO  [org.jboss.as.clustering.infinispan] (ServerService Thread Pool -- 54) WFLYCLINF0002: Started realmRevisions cache from keycloak container
2021-11-10 16:42:26,090 INFO  [org.jboss.as.clustering.infinispan] (ServerService Thread Pool -- 54) WFLYCLINF0002: Started userRevisions cache from keycloak container
2021-11-10 16:42:26,096 INFO  [org.jboss.as.clustering.infinispan] (ServerService Thread Pool -- 54) WFLYCLINF0002: Started authorizationRevisions cache from keycloak container
2021-11-10 16:42:26,097 INFO  [org.keycloak.connections.infinispan.DefaultInfinispanConnectionProviderFactory] (ServerService Thread Pool -- 54) Node name: jangjaehyeong-ui-macbookpro, Site name: null
2021-11-10 16:42:29,705 INFO  [org.keycloak.connections.jpa.DefaultJpaConnectionProviderFactory] (ServerService Thread Pool -- 54) Database info: {databaseUrl=jdbc:h2:/Users/jhyg/Desktop/uEngine5-bpm/uEngine5-bpm/keycloak-15.0.2/standalone/data/keycloak, databaseUser=SA, databaseProduct=H2 1.4.197 (2018-03-18), databaseDriver=H2 JDBC Driver 1.4.197 (2018-03-18)}
2021-11-10 16:42:31,530 INFO  [org.hibernate.jpa.internal.util.LogHelper] (ServerService Thread Pool -- 54) HHH000204: Processing PersistenceUnitInfo [
	name: keycloak-default
	...]
2021-11-10 16:42:31,656 INFO  [org.hibernate.Version] (ServerService Thread Pool -- 54) HHH000412: Hibernate Core {5.3.20.Final}
2021-11-10 16:42:31,658 INFO  [org.hibernate.cfg.Environment] (ServerService Thread Pool -- 54) HHH000206: hibernate.properties not found
2021-11-10 16:42:31,959 INFO  [org.hibernate.annotations.common.Version] (ServerService Thread Pool -- 54) HCANN000001: Hibernate Commons Annotations {5.0.5.Final}
2021-11-10 16:42:32,252 INFO  [org.hibernate.dialect.Dialect] (ServerService Thread Pool -- 54) HHH000400: Using dialect: org.hibernate.dialect.H2Dialect
2021-11-10 16:42:32,337 INFO  [org.hibernate.envers.boot.internal.EnversServiceImpl] (ServerService Thread Pool -- 54) Envers integration enabled? : true
2021-11-10 16:42:33,173 INFO  [org.hibernate.orm.beans] (ServerService Thread Pool -- 54) HHH10005002: No explicit CDI BeanManager reference was passed to Hibernate, but CDI is available on the Hibernate ClassLoader.
2021-11-10 16:42:33,273 INFO  [org.hibernate.validator.internal.util.Version] (ServerService Thread Pool -- 54) HV000001: Hibernate Validator 6.0.22.Final
2021-11-10 16:42:35,094 INFO  [org.hibernate.hql.internal.QueryTranslatorFactoryInitiator] (ServerService Thread Pool -- 54) HHH000397: Using ASTQueryTranslatorFactory
2021-11-10 16:42:36,513 INFO  [org.jboss.resteasy.resteasy_jaxrs.i18n] (ServerService Thread Pool -- 54) RESTEASY002225: Deploying javax.ws.rs.core.Application: class org.keycloak.services.resources.KeycloakApplication
2021-11-10 16:42:36,519 INFO  [org.jboss.resteasy.resteasy_jaxrs.i18n] (ServerService Thread Pool -- 54) RESTEASY002200: Adding class resource org.keycloak.services.resources.ThemeResource from Application class org.keycloak.services.resources.KeycloakApplication
2021-11-10 16:42:36,520 INFO  [org.jboss.resteasy.resteasy_jaxrs.i18n] (ServerService Thread Pool -- 54) RESTEASY002200: Adding class resource org.keycloak.services.resources.JsResource from Application class org.keycloak.services.resources.KeycloakApplication
2021-11-10 16:42:36,521 INFO  [org.jboss.resteasy.resteasy_jaxrs.i18n] (ServerService Thread Pool -- 54) RESTEASY002205: Adding provider class org.keycloak.services.filters.KeycloakSecurityHeadersFilter from Application class org.keycloak.services.resources.KeycloakApplication
2021-11-10 16:42:36,522 INFO  [org.jboss.resteasy.resteasy_jaxrs.i18n] (ServerService Thread Pool -- 54) RESTEASY002205: Adding provider class org.keycloak.services.error.KeycloakErrorHandler from Application class org.keycloak.services.resources.KeycloakApplication
2021-11-10 16:42:36,522 INFO  [org.jboss.resteasy.resteasy_jaxrs.i18n] (ServerService Thread Pool -- 54) RESTEASY002220: Adding singleton resource org.keycloak.services.resources.RobotsResource from Application class org.keycloak.services.resources.KeycloakApplication
2021-11-10 16:42:36,523 INFO  [org.jboss.resteasy.resteasy_jaxrs.i18n] (ServerService Thread Pool -- 54) RESTEASY002210: Adding provider singleton org.keycloak.services.util.ObjectMapperResolver from Application class org.keycloak.services.resources.KeycloakApplication
2021-11-10 16:42:36,523 INFO  [org.jboss.resteasy.resteasy_jaxrs.i18n] (ServerService Thread Pool -- 54) RESTEASY002220: Adding singleton resource org.keycloak.services.resources.admin.AdminRoot from Application class org.keycloak.services.resources.KeycloakApplication
2021-11-10 16:42:36,524 INFO  [org.jboss.resteasy.resteasy_jaxrs.i18n] (ServerService Thread Pool -- 54) RESTEASY002220: Adding singleton resource org.keycloak.services.resources.WelcomeResource from Application class org.keycloak.services.resources.KeycloakApplication
2021-11-10 16:42:36,524 INFO  [org.jboss.resteasy.resteasy_jaxrs.i18n] (ServerService Thread Pool -- 54) RESTEASY002220: Adding singleton resource org.keycloak.services.resources.RealmsResource from Application class org.keycloak.services.resources.KeycloakApplication
2021-11-10 16:42:36,700 INFO  [org.wildfly.extension.undertow] (ServerService Thread Pool -- 54) WFLYUT0021: Registered web context: '/auth' for server 'default-server'
2021-11-10 16:42:36,856 INFO  [org.jboss.as.server] (ServerService Thread Pool -- 43) WFLYSRV0010: Deployed "keycloak-server.war" (runtime-name : "keycloak-server.war")
2021-11-10 16:42:36,956 INFO  [org.jboss.as.server] (Controller Boot Thread) WFLYSRV0212: Resuming server
2021-11-10 16:42:36,961 INFO  [org.jboss.as] (Controller Boot Thread) WFLYSRV0025: Keycloak 15.0.2 (WildFly Core 15.0.1.Final) started in 20285ms - Started 594 of 872 services (584 services are lazy, passive or on-demand)
2021-11-10 16:42:36,967 INFO  [org.jboss.as] (Controller Boot Thread) WFLYSRV0060: Http management interface listening on http://127.0.0.1:9990/management
2021-11-10 16:42:36,967 INFO  [org.jboss.as] (Controller Boot Thread) WFLYSRV0051: Admin console listening on http://127.0.0.1:9990
2021-11-10 16:43:27,845 INFO  [org.jboss.as.server] (Thread-2) WFLYSRV0272: Suspending server
2021-11-10 16:43:27,849 INFO  [org.jboss.as.ejb3] (Thread-2) WFLYEJB0493: Jakarta Enterprise Beans subsystem suspension complete
2021-11-10 16:43:27,854 INFO  [org.jboss.as.server] (Thread-2) WFLYSRV0220: Server shutdown has been requested via an OS signal
2021-11-10 16:43:27,870 INFO  [org.jboss.as.connector.subsystems.datasources] (MSC service thread 1-6) WFLYJCA0010: Unbound data source [java:jboss/datasources/KeycloakDS]
2021-11-10 16:43:27,873 INFO  [org.jboss.as.mail.extension] (MSC service thread 1-3) WFLYMAIL0002: Unbound mail session [java:jboss/mail/Default]
2021-11-10 16:43:27,875 INFO  [org.wildfly.extension.undertow] (MSC service thread 1-5) WFLYUT0008: Undertow HTTPS listener https suspending
2021-11-10 16:43:27,878 INFO  [org.wildfly.extension.undertow] (MSC service thread 1-5) WFLYUT0007: Undertow HTTPS listener https stopped, was bound to 127.0.0.1:8443
2021-11-10 16:43:27,880 INFO  [org.wildfly.extension.undertow] (ServerService Thread Pool -- 54) WFLYUT0022: Unregistered web context: '/auth' from server 'default-server'
2021-11-10 16:43:27,902 INFO  [org.jboss.as.connector.subsystems.datasources] (MSC service thread 1-3) WFLYJCA0010: Unbound data source [java:jboss/datasources/ExampleDS]
2021-11-10 16:43:27,903 INFO  [org.jboss.as.connector.deployers.jdbc] (MSC service thread 1-3) WFLYJCA0019: Stopped Driver service with driver-name = h2
2021-11-10 16:43:27,907 INFO  [org.wildfly.extension.undertow] (MSC service thread 1-6) WFLYUT0019: Host default-host stopping
2021-11-10 16:43:27,919 INFO  [org.wildfly.extension.undertow] (MSC service thread 1-3) WFLYUT0008: Undertow HTTP listener default suspending
2021-11-10 16:43:27,923 INFO  [org.wildfly.extension.undertow] (MSC service thread 1-3) WFLYUT0007: Undertow HTTP listener default stopped, was bound to 127.0.0.1:8080
2021-11-10 16:43:27,924 INFO  [org.wildfly.extension.undertow] (MSC service thread 1-2) WFLYUT0004: Undertow 2.2.5.Final stopping
2021-11-10 16:43:27,925 INFO  [org.jboss.as.server.deployment] (MSC service thread 1-7) WFLYSRV0028: Stopped deployment keycloak-server.war (runtime-name: keycloak-server.war) in 68ms
2021-11-10 16:43:27,936 INFO  [org.jboss.as.clustering.infinispan] (ServerService Thread Pool -- 78) WFLYCLINF0003: Stopped clientSessions cache from keycloak container
2021-11-10 16:43:27,936 INFO  [org.jboss.as.clustering.infinispan] (ServerService Thread Pool -- 69) WFLYCLINF0003: Stopped loginFailures cache from keycloak container
2021-11-10 16:43:27,937 INFO  [org.jboss.as.clustering.infinispan] (ServerService Thread Pool -- 79) WFLYCLINF0003: Stopped offlineClientSessions cache from keycloak container
2021-11-10 16:43:27,939 INFO  [org.jboss.as.clustering.infinispan] (ServerService Thread Pool -- 74) WFLYCLINF0003: Stopped offlineSessions cache from keycloak container
2021-11-10 16:43:27,939 INFO  [org.jboss.as.clustering.infinispan] (ServerService Thread Pool -- 76) WFLYCLINF0003: Stopped actionTokens cache from keycloak container
2021-11-10 16:43:27,939 INFO  [org.jboss.as.clustering.infinispan] (ServerService Thread Pool -- 72) WFLYCLINF0003: Stopped work cache from keycloak container
2021-11-10 16:43:27,939 INFO  [org.jboss.as.clustering.infinispan] (ServerService Thread Pool -- 75) WFLYCLINF0003: Stopped authenticationSessions cache from keycloak container
2021-11-10 16:43:27,940 INFO  [org.jboss.as.clustering.infinispan] (ServerService Thread Pool -- 54) WFLYCLINF0003: Stopped sessions cache from keycloak container
2021-11-10 16:43:27,941 INFO  [org.jboss.as.clustering.infinispan] (ServerService Thread Pool -- 77) WFLYCLINF0003: Stopped authorization cache from keycloak container
2021-11-10 16:43:27,948 INFO  [org.jboss.as.clustering.infinispan] (ServerService Thread Pool -- 70) WFLYCLINF0003: Stopped users cache from keycloak container
2021-11-10 16:43:27,950 INFO  [org.jboss.as.clustering.infinispan] (ServerService Thread Pool -- 80) WFLYCLINF0003: Stopped keys cache from keycloak container
2021-11-10 16:43:27,964 INFO  [org.jboss.as.clustering.infinispan] (ServerService Thread Pool -- 73) WFLYCLINF0003: Stopped realms cache from keycloak container
2021-11-10 16:43:27,966 INFO  [org.infinispan.manager.DefaultCacheManager] (ServerService Thread Pool -- 73) Stopping cache manager null on null
2021-11-10 16:43:28,067 INFO  [org.jboss.as.clustering.infinispan] (ServerService Thread Pool -- 71) WFLYCLINF0003: Stopped http-remoting-connector cache from ejb container
2021-11-10 16:43:28,068 INFO  [org.infinispan.manager.DefaultCacheManager] (ServerService Thread Pool -- 71) Stopping cache manager null on null
2021-11-10 16:43:28,073 INFO  [org.jboss.as] (MSC service thread 1-6) WFLYSRV0050: Keycloak 15.0.2 (WildFly Core 15.0.1.Final) stopped in 215ms
